node_modules/next/dist/build/templates/app-page.d.ts(10,40): error TS2307: Cannot find module 'VAR_MODULE_GLOBAL_ERROR' or its corresponding type declarations.
node_modules/next/dist/build/webpack-config.d.ts(9,104): error TS2694: Namespace '"/Users/sebastianozuddas/Programming/Website/simulator/node_modules/next/dist/compiled/webpack/webpack".webpack' has no exported member 'RuleSetUseItem'.
node_modules/next/dist/build/webpack/loaders/next-app-loader/index.d.ts(1,13): error TS2613: Module '"/Users/sebastianozuddas/Programming/Website/simulator/node_modules/next/dist/compiled/webpack/webpack"' has no default export. Did you mean to use 'import { webpack } from "/Users/sebastianozuddas/Programming/Website/simulator/node_modules/next/dist/compiled/webpack/webpack"' instead?
node_modules/next/dist/client/components/error-boundary.d.ts(1,8): error TS1259: Module '"/Users/sebastianozuddas/Programming/Website/simulator/node_modules/@types/react/index"' can only be default-imported using the 'esModuleInterop' flag
node_modules/next/dist/client/components/http-access-fallback/error-boundary.d.ts(11,8): error TS1259: Module '"/Users/sebastianozuddas/Programming/Website/simulator/node_modules/@types/react/index"' can only be default-imported using the 'esModuleInterop' flag
node_modules/next/dist/client/components/layout-router.d.ts(3,8): error TS1259: Module '"/Users/sebastianozuddas/Programming/Website/simulator/node_modules/@types/react/index"' can only be default-imported using the 'esModuleInterop' flag
node_modules/next/dist/client/with-router.d.ts(1,8): error TS1259: Module '"/Users/sebastianozuddas/Programming/Website/simulator/node_modules/@types/react/index"' can only be default-imported using the 'esModuleInterop' flag
node_modules/next/dist/server/app-render/entry-base.d.ts(1,114): error TS2307: Cannot find module 'react-server-dom-webpack/server.edge' or its corresponding type declarations.
node_modules/next/dist/server/app-render/entry-base.d.ts(2,27): error TS2307: Cannot find module 'react-server-dom-webpack/static.edge' or its corresponding type declarations.
node_modules/next/dist/server/render.d.ts(14,8): error TS1259: Module '"/Users/sebastianozuddas/Programming/Website/simulator/node_modules/@types/react/index"' can only be default-imported using the 'esModuleInterop' flag
node_modules/next/dist/server/web/spec-extension/adapters/headers.d.ts(39,16): error TS2304: Cannot find name 'HeadersIterator'.
node_modules/next/dist/server/web/spec-extension/adapters/headers.d.ts(40,13): error TS2304: Cannot find name 'HeadersIterator'.
node_modules/next/dist/server/web/spec-extension/adapters/headers.d.ts(41,15): error TS2304: Cannot find name 'HeadersIterator'.
node_modules/next/dist/server/web/spec-extension/adapters/headers.d.ts(42,26): error TS2304: Cannot find name 'HeadersIterator'.
node_modules/next/dist/shared/lib/amp-context.shared-runtime.d.ts(1,8): error TS1259: Module '"/Users/sebastianozuddas/Programming/Website/simulator/node_modules/@types/react/index"' can only be default-imported using the 'esModuleInterop' flag
node_modules/next/dist/shared/lib/app-router-context.shared-runtime.d.ts(4,8): error TS1259: Module '"/Users/sebastianozuddas/Programming/Website/simulator/node_modules/@types/react/index"' can only be default-imported using the 'esModuleInterop' flag
node_modules/next/dist/shared/lib/head-manager-context.shared-runtime.d.ts(1,8): error TS1259: Module '"/Users/sebastianozuddas/Programming/Website/simulator/node_modules/@types/react/index"' can only be default-imported using the 'esModuleInterop' flag
node_modules/next/dist/shared/lib/image-config-context.shared-runtime.d.ts(1,8): error TS1259: Module '"/Users/sebastianozuddas/Programming/Website/simulator/node_modules/@types/react/index"' can only be default-imported using the 'esModuleInterop' flag
node_modules/next/dist/shared/lib/loadable-context.shared-runtime.d.ts(1,8): error TS1259: Module '"/Users/sebastianozuddas/Programming/Website/simulator/node_modules/@types/react/index"' can only be default-imported using the 'esModuleInterop' flag
node_modules/next/dist/shared/lib/loadable.shared-runtime.d.ts(21,8): error TS1259: Module '"/Users/sebastianozuddas/Programming/Website/simulator/node_modules/@types/react/index"' can only be default-imported using the 'esModuleInterop' flag
node_modules/next/dist/shared/lib/router-context.shared-runtime.d.ts(1,8): error TS1259: Module '"/Users/sebastianozuddas/Programming/Website/simulator/node_modules/@types/react/index"' can only be default-imported using the 'esModuleInterop' flag
node_modules/next/dist/shared/lib/server-inserted-html.shared-runtime.d.ts(1,8): error TS1259: Module '"/Users/sebastianozuddas/Programming/Website/simulator/node_modules/@types/react/index"' can only be default-imported using the 'esModuleInterop' flag
node_modules/next/dist/shared/lib/utils.d.ts(10,13): error TS1192: Module '"fs"' has no default export.
node_modules/next/dist/types.d.ts(8,13): error TS1259: Module '"/Users/sebastianozuddas/Programming/Website/simulator/node_modules/@types/react/index"' can only be default-imported using the 'esModuleInterop' flag
src/app/vectorfield/page.tsx(5,33): error TS2307: Cannot find module '@/components/ui/VisualizationLayout' or its corresponding type declarations.
src/app/vectorfield/page.tsx(6,25): error TS2307: Cannot find module '@/components/visualizations/VectorField' or its corresponding type declarations.
src/app/vectorfield/page.tsx(7,28): error TS2307: Cannot find module '@/components/ui/FileUploadZone' or its corresponding type declarations.
src/app/vectorfield/page.tsx(8,28): error TS2307: Cannot find module '@/components/ui/MessageDisplay' or its corresponding type declarations.
src/app/vectorfield/page.tsx(9,23): error TS2307: Cannot find module '@/components/ui/CodeBlock' or its corresponding type declarations.
src/app/vectorfield/page.tsx(10,28): error TS2307: Cannot find module '@/lib/utils' or its corresponding type declarations.
src/app/vectorfield/page.tsx(11,56): error TS2307: Cannot find module '@/types' or its corresponding type declarations.
src/app/vectorfield/page.tsx(171,5): error TS17004: Cannot use JSX unless the '--jsx' flag is provided.
src/app/vectorfield/page.tsx(176,7): error TS17004: Cannot use JSX unless the '--jsx' flag is provided.
src/app/vectorfield/page.tsx(177,9): error TS17004: Cannot use JSX unless the '--jsx' flag is provided.
src/app/vectorfield/page.tsx(178,11): error TS17004: Cannot use JSX unless the '--jsx' flag is provided.
src/app/vectorfield/page.tsx(184,11): error TS17004: Cannot use JSX unless the '--jsx' flag is provided.
src/app/vectorfield/page.tsx(190,11): error TS17004: Cannot use JSX unless the '--jsx' flag is provided.
src/app/vectorfield/page.tsx(191,11): error TS17004: Cannot use JSX unless the '--jsx' flag is provided.
src/app/vectorfield/page.tsx(198,11): error TS17004: Cannot use JSX unless the '--jsx' flag is provided.
src/app/vectorfield/page.tsx(209,7): error TS17004: Cannot use JSX unless the '--jsx' flag is provided.
src/app/vectorfield/page.tsx(217,9): error TS17004: Cannot use JSX unless the '--jsx' flag is provided.
src/app/vectorfield/page.tsx(226,9): error TS17004: Cannot use JSX unless the '--jsx' flag is provided.
src/app/vectorfield/page.tsx(227,11): error TS17004: Cannot use JSX unless the '--jsx' flag is provided.
src/app/vectorfield/page.tsx(235,7): error TS17004: Cannot use JSX unless the '--jsx' flag is provided.
src/app/vectorfield/page.tsx(236,9): error TS17004: Cannot use JSX unless the '--jsx' flag is provided.
src/app/vectorfield/page.tsx(238,9): error TS17004: Cannot use JSX unless the '--jsx' flag is provided.
src/app/vectorfield/page.tsx(239,11): error TS17004: Cannot use JSX unless the '--jsx' flag is provided.
src/app/vectorfield/page.tsx(240,11): error TS17004: Cannot use JSX unless the '--jsx' flag is provided.
src/app/vectorfield/page.tsx(243,11): error TS17004: Cannot use JSX unless the '--jsx' flag is provided.
src/app/vectorfield/page.tsx(260,9): error TS17004: Cannot use JSX unless the '--jsx' flag is provided.